# JRE version: OpenJDK Runtime Environment (8.0_112-b06) (build 1.8.0_112-release-b06)
# Java VM: OpenJDK 64-Bit Server VM (25.112-b06 mixed mode windows-amd64 compressed oops)
Heap:
 PSYoungGen      total 300032K, used 33248K [0x00000000eab00000, 0x00000000ffe80000, 0x0000000100000000)
  eden space 253440K, 9% used [0x00000000eab00000,0x00000000ec1a2da0,0x00000000fa280000)
  from space 46592K, 21% used [0x00000000fa280000,0x00000000fac555c8,0x00000000fd000000)
  to   space 46592K, 0% used [0x00000000fd100000,0x00000000fd100000,0x00000000ffe80000)
 ParOldGen       total 183296K, used 81348K [0x00000000c0000000, 0x00000000cb300000, 0x00000000eab00000)
  object space 183296K, 44% used [0x00000000c0000000,0x00000000c4f71040,0x00000000cb300000)
 Metaspace       used 68772K, capacity 72484K, committed 73048K, reserved 1112064K
  class space    used 8723K, capacity 9295K, committed 9600K, reserved 1048576K
GC Heap History (10 events):
Event: 12579.084 GC heap before
{Heap before GC invocations=37 (full 4):
 PSYoungGen      total 228864K, used 215016K [0x00000000eab00000, 0x00000000fc180000, 0x0000000100000000)
  eden space 187904K, 99% used [0x00000000eab00000,0x00000000f6263298,0x00000000f6280000)
  from space 40960K, 66% used [0x00000000f9980000,0x00000000fb416da0,0x00000000fc180000)
  to   space 48640K, 0% used [0x00000000f6280000,0x00000000f6280000,0x00000000f9200000)
 ParOldGen       total 183296K, used 80814K [0x00000000c0000000, 0x00000000cb300000, 0x00000000eab00000)
  object space 183296K, 44% used [0x00000000c0000000,0x00000000c4eeb970,0x00000000cb300000)
 Metaspace       used 68631K, capacity 72262K, committed 73048K, reserved 1112064K
  class space    used 8709K, capacity 9276K, committed 9600K, reserved 1048576K
Event: 12579.109 GC heap after
Heap after GC invocations=37 (full 4):
 PSYoungGen      total 236544K, used 18183K [0x00000000eab00000, 0x00000000fe800000, 0x0000000100000000)
  eden space 187904K, 0% used [0x00000000eab00000,0x00000000eab00000,0x00000000f6280000)
  from space 48640K, 37% used [0x00000000f6280000,0x00000000f7441ca0,0x00000000f9200000)
  to   space 47104K, 0% used [0x00000000fba00000,0x00000000fba00000,0x00000000fe800000)
 ParOldGen       total 183296K, used 80822K [0x00000000c0000000, 0x00000000cb300000, 0x00000000eab00000)
  object space 183296K, 44% used [0x00000000c0000000,0x00000000c4eed970,0x00000000cb300000)
 Metaspace       used 68631K, capacity 72262K, committed 73048K, reserved 1112064K
  class space    used 8709K, capacity 9276K, committed 9600K, reserved 1048576K
}
Event: 12579.146 GC heap before
{Heap before GC invocations=38 (full 4):
 PSYoungGen      total 236544K, used 205463K [0x00000000eab00000, 0x00000000fe800000, 0x0000000100000000)
  eden space 187904K, 99% used [0x00000000eab00000,0x00000000f61e4158,0x00000000f6280000)
  from space 48640K, 37% used [0x00000000f6280000,0x00000000f7441ca0,0x00000000f9200000)
  to   space 47104K, 0% used [0x00000000fba00000,0x00000000fba00000,0x00000000fe800000)
 ParOldGen       total 183296K, used 80822K [0x00000000c0000000, 0x00000000cb300000, 0x00000000eab00000)
  object space 183296K, 44% used [0x00000000c0000000,0x00000000c4eed970,0x00000000cb300000)
 Metaspace       used 68638K, capacity 72262K, committed 73048K, reserved 1112064K
  class space    used 8709K, capacity 9276K, committed 9600K, reserved 1048576K
Event: 12579.156 GC heap after
Heap after GC invocations=38 (full 4):
 PSYoungGen      total 276480K, used 17486K [0x00000000eab00000, 0x00000000fe580000, 0x0000000100000000)
  eden space 231936K, 0% used [0x00000000eab00000,0x00000000eab00000,0x00000000f8d80000)
  from space 44544K, 39% used [0x00000000fba00000,0x00000000fcb13bc8,0x00000000fe580000)
  to   space 45056K, 0% used [0x00000000f8d80000,0x00000000f8d80000,0x00000000fb980000)
 ParOldGen       total 183296K, used 80896K [0x00000000c0000000, 0x00000000cb300000, 0x00000000eab00000)
  object space 183296K, 44% used [0x00000000c0000000,0x00000000c4f00030,0x00000000cb300000)
 Metaspace       used 68638K, capacity 72262K, committed 73048K, reserved 1112064K
  class space    used 8709K, capacity 9276K, committed 9600K, reserved 1048576K
}
Event: 12641.902 GC heap before
{Heap before GC invocations=39 (full 4):
 PSYoungGen      total 276480K, used 249422K [0x00000000eab00000, 0x00000000fe580000, 0x0000000100000000)
  eden space 231936K, 100% used [0x00000000eab00000,0x00000000f8d80000,0x00000000f8d80000)
  from space 44544K, 39% used [0x00000000fba00000,0x00000000fcb13bc8,0x00000000fe580000)
  to   space 45056K, 0% used [0x00000000f8d80000,0x00000000f8d80000,0x00000000fb980000)
 ParOldGen       total 183296K, used 80896K [0x00000000c0000000, 0x00000000cb300000, 0x00000000eab00000)
  object space 183296K, 44% used [0x00000000c0000000,0x00000000c4f00030,0x00000000cb300000)
 Metaspace       used 68751K, capacity 72484K, committed 73048K, reserved 1112064K
  class space    used 8723K, capacity 9295K, committed 9600K, reserved 1048576K
Event: 12641.928 GC heap after
Heap after GC invocations=39 (full 4):
 PSYoungGen      total 276992K, used 37937K [0x00000000eab00000, 0x0000000100000000, 0x0000000100000000)
  eden space 231936K, 0% used [0x00000000eab00000,0x00000000eab00000,0x00000000f8d80000)
  from space 45056K, 84% used [0x00000000f8d80000,0x00000000fb28c730,0x00000000fb980000)
  to   space 49152K, 0% used [0x00000000fd000000,0x00000000fd000000,0x0000000100000000)
 ParOldGen       total 183296K, used 81040K [0x00000000c0000000, 0x00000000cb300000, 0x00000000eab00000)
  object space 183296K, 44% used [0x00000000c0000000,0x00000000c4f24030,0x00000000cb300000)
 Metaspace       used 68751K, capacity 72484K, committed 73048K, reserved 1112064K
  class space    used 8723K, capacity 9295K, committed 9600K, reserved 1048576K
}
Event: 12660.062 GC heap before
{Heap before GC invocations=40 (full 4):
 PSYoungGen      total 276992K, used 269489K [0x00000000eab00000, 0x0000000100000000, 0x0000000100000000)
  eden space 231936K, 99% used [0x00000000eab00000,0x00000000f8d1fd10,0x00000000f8d80000)
  from space 45056K, 84% used [0x00000000f8d80000,0x00000000fb28c730,0x00000000fb980000)
  to   space 49152K, 0% used [0x00000000fd000000,0x00000000fd000000,0x0000000100000000)
 ParOldGen       total 183296K, used 81040K [0x00000000c0000000, 0x00000000cb300000, 0x00000000eab00000)
  object space 183296K, 44% used [0x00000000c0000000,0x00000000c4f24030,0x00000000cb300000)
 Metaspace       used 68763K, capacity 72484K, committed 73048K, reserved 1112064K
  class space    used 8723K, capacity 9295K, committed 9600K, reserved 1048576K
Event: 12660.081 GC heap after
Heap after GC invocations=40 (full 4):
 PSYoungGen      total 301568K, used 22264K [0x00000000eab00000, 0x00000000fff00000, 0x0000000100000000)
  eden space 253440K, 0% used [0x00000000eab00000,0x00000000eab00000,0x00000000fa280000)
  from space 48128K, 46% used [0x00000000fd000000,0x00000000fe5be340,0x00000000fff00000)
  to   space 46592K, 0% used [0x00000000fa280000,0x00000000fa280000,0x00000000fd000000)
 ParOldGen       total 183296K, used 81088K [0x00000000c0000000, 0x00000000cb300000, 0x00000000eab00000)
  object space 183296K, 44% used [0x00000000c0000000,0x00000000c4f30030,0x00000000cb300000)
 Metaspace       used 68763K, capacity 72484K, committed 73048K, reserved 1112064K
  class space    used 8723K, capacity 9295K, committed 9600K, reserved 1048576K
}
Event: 12660.182 GC heap before
{Heap before GC invocations=41 (full 4):
 PSYoungGen      total 301568K, used 275019K [0x00000000eab00000, 0x00000000fff00000, 0x0000000100000000)
  eden space 253440K, 99% used [0x00000000eab00000,0x00000000fa1d4bb0,0x00000000fa280000)
  from space 48128K, 46% used [0x00000000fd000000,0x00000000fe5be340,0x00000000fff00000)
  to   space 46592K, 0% used [0x00000000fa280000,0x00000000fa280000,0x00000000fd000000)
 ParOldGen       total 183296K, used 81088K [0x00000000c0000000, 0x00000000cb300000, 0x00000000eab00000)
  object space 183296K, 44% used [0x00000000c0000000,0x00000000c4f30030,0x00000000cb300000)
 Metaspace       used 68771K, capacity 72484K, committed 73048K, reserved 1112064K
  class space    used 8723K, capacity 9295K, committed 9600K, reserved 1048576K
Event: 12660.190 GC heap after
Heap after GC invocations=41 (full 4):
 PSYoungGen      total 300032K, used 10069K [0x00000000eab00000, 0x00000000ffe80000, 0x0000000100000000)
  eden space 253440K, 0% used [0x00000000eab00000,0x00000000eab00000,0x00000000fa280000)
  from space 46592K, 21% used [0x00000000fa280000,0x00000000fac555c8,0x00000000fd000000)
  to   space 46592K, 0% used [0x00000000fd100000,0x00000000fd100000,0x00000000ffe80000)
 ParOldGen       total 183296K, used 81348K [0x00000000c0000000, 0x00000000cb300000, 0x00000000eab00000)
  object space 183296K, 44% used [0x00000000c0000000,0x00000000c4f71040,0x00000000cb300000)
 Metaspace       used 68771K, capacity 72484K, committed 73048K, reserved 1112064K
  class space    used 8723K, capacity 9295K, committed 9600K, reserved 1048576K
}

